[2025-11-13 14:55:43Z INFO HostContext] No proxy settings were found based on environmental variables (http_proxy/https_proxy/HTTP_PROXY/HTTPS_PROXY)
[2025-11-13 14:55:43Z INFO HostContext] Well known directory 'Bin': 'C:\Users\anton\OneDrive\Documentos\GitHub\Projeto-Adrian\actions-runner\bin'
[2025-11-13 14:55:43Z INFO HostContext] Well known directory 'Root': 'C:\Users\anton\OneDrive\Documentos\GitHub\Projeto-Adrian\actions-runner'
[2025-11-13 14:55:43Z INFO HostContext] Well known config file 'Credentials': 'C:\Users\anton\OneDrive\Documentos\GitHub\Projeto-Adrian\actions-runner\.credentials'
[2025-11-13 14:55:43Z INFO HostContext] Well known directory 'Bin': 'C:\Users\anton\OneDrive\Documentos\GitHub\Projeto-Adrian\actions-runner\bin'
[2025-11-13 14:55:43Z INFO HostContext] Well known directory 'Root': 'C:\Users\anton\OneDrive\Documentos\GitHub\Projeto-Adrian\actions-runner'
[2025-11-13 14:55:43Z INFO HostContext] Well known config file 'Runner': 'C:\Users\anton\OneDrive\Documentos\GitHub\Projeto-Adrian\actions-runner\.runner'
[2025-11-13 14:55:43Z INFO Listener] Runner is built for Windows (X64) - win-x64.
[2025-11-13 14:55:43Z INFO Listener] RuntimeInformation: Microsoft Windows 10.0.26200.
[2025-11-13 14:55:43Z INFO Listener] Version: 2.329.0
[2025-11-13 14:55:43Z INFO Listener] Commit: c76c59996c8fa32e989164a5a695efb12608ae5a
[2025-11-13 14:55:43Z INFO Listener] Culture: pt-BR
[2025-11-13 14:55:43Z INFO Listener] UI Culture: pt-BR
[2025-11-13 14:55:43Z INFO HostContext] Well known directory 'Bin': 'C:\Users\anton\OneDrive\Documentos\GitHub\Projeto-Adrian\actions-runner\bin'
[2025-11-13 14:55:43Z INFO HostContext] Well known directory 'Root': 'C:\Users\anton\OneDrive\Documentos\GitHub\Projeto-Adrian\actions-runner'
[2025-11-13 14:55:43Z INFO Listener] Validating directory permissions for: 'C:\Users\anton\OneDrive\Documentos\GitHub\Projeto-Adrian\actions-runner'
[2025-11-13 14:55:43Z INFO CommandLineParser] Parse
[2025-11-13 14:55:43Z INFO CommandLineParser] Parsing 1 args
[2025-11-13 14:55:43Z INFO CommandLineParser] parsing argument
[2025-11-13 14:55:43Z INFO CommandLineParser] HasArgs: False
[2025-11-13 14:55:43Z INFO CommandLineParser] Adding Command: run
[2025-11-13 14:55:43Z INFO Listener] Arguments parsed
[2025-11-13 14:55:43Z INFO Runner] ExecuteCommand
[2025-11-13 14:55:43Z INFO ConfigurationStore] currentAssemblyLocation: C:\Users\anton\OneDrive\Documentos\GitHub\Projeto-Adrian\actions-runner\bin\Runner.Listener.dll
[2025-11-13 14:55:43Z INFO HostContext] Well known directory 'Bin': 'C:\Users\anton\OneDrive\Documentos\GitHub\Projeto-Adrian\actions-runner\bin'
[2025-11-13 14:55:43Z INFO ConfigurationStore] binPath: C:\Users\anton\OneDrive\Documentos\GitHub\Projeto-Adrian\actions-runner\bin
[2025-11-13 14:55:43Z INFO HostContext] Well known directory 'Bin': 'C:\Users\anton\OneDrive\Documentos\GitHub\Projeto-Adrian\actions-runner\bin'
[2025-11-13 14:55:43Z INFO HostContext] Well known directory 'Root': 'C:\Users\anton\OneDrive\Documentos\GitHub\Projeto-Adrian\actions-runner'
[2025-11-13 14:55:43Z INFO ConfigurationStore] RootFolder: C:\Users\anton\OneDrive\Documentos\GitHub\Projeto-Adrian\actions-runner
[2025-11-13 14:55:43Z INFO HostContext] Well known directory 'Bin': 'C:\Users\anton\OneDrive\Documentos\GitHub\Projeto-Adrian\actions-runner\bin'
[2025-11-13 14:55:43Z INFO HostContext] Well known directory 'Root': 'C:\Users\anton\OneDrive\Documentos\GitHub\Projeto-Adrian\actions-runner'
[2025-11-13 14:55:43Z INFO HostContext] Well known config file 'Runner': 'C:\Users\anton\OneDrive\Documentos\GitHub\Projeto-Adrian\actions-runner\.runner'
[2025-11-13 14:55:43Z INFO ConfigurationStore] ConfigFilePath: C:\Users\anton\OneDrive\Documentos\GitHub\Projeto-Adrian\actions-runner\.runner
[2025-11-13 14:55:43Z INFO HostContext] Well known directory 'Bin': 'C:\Users\anton\OneDrive\Documentos\GitHub\Projeto-Adrian\actions-runner\bin'
[2025-11-13 14:55:43Z INFO HostContext] Well known directory 'Root': 'C:\Users\anton\OneDrive\Documentos\GitHub\Projeto-Adrian\actions-runner'
[2025-11-13 14:55:43Z INFO HostContext] Well known config file 'MigratedRunner': 'C:\Users\anton\OneDrive\Documentos\GitHub\Projeto-Adrian\actions-runner\.runner_migrated'
[2025-11-13 14:55:43Z INFO ConfigurationStore] MigratedConfigFilePath: C:\Users\anton\OneDrive\Documentos\GitHub\Projeto-Adrian\actions-runner\.runner_migrated
[2025-11-13 14:55:43Z INFO HostContext] Well known directory 'Bin': 'C:\Users\anton\OneDrive\Documentos\GitHub\Projeto-Adrian\actions-runner\bin'
[2025-11-13 14:55:43Z INFO HostContext] Well known directory 'Root': 'C:\Users\anton\OneDrive\Documentos\GitHub\Projeto-Adrian\actions-runner'
[2025-11-13 14:55:43Z INFO HostContext] Well known config file 'Credentials': 'C:\Users\anton\OneDrive\Documentos\GitHub\Projeto-Adrian\actions-runner\.credentials'
[2025-11-13 14:55:43Z INFO ConfigurationStore] CredFilePath: C:\Users\anton\OneDrive\Documentos\GitHub\Projeto-Adrian\actions-runner\.credentials
[2025-11-13 14:55:43Z INFO HostContext] Well known directory 'Bin': 'C:\Users\anton\OneDrive\Documentos\GitHub\Projeto-Adrian\actions-runner\bin'
[2025-11-13 14:55:43Z INFO HostContext] Well known directory 'Root': 'C:\Users\anton\OneDrive\Documentos\GitHub\Projeto-Adrian\actions-runner'
[2025-11-13 14:55:43Z INFO HostContext] Well known config file 'MigratedCredentials': 'C:\Users\anton\OneDrive\Documentos\GitHub\Projeto-Adrian\actions-runner\.credentials_migrated'
[2025-11-13 14:55:43Z INFO ConfigurationStore] MigratedCredFilePath: C:\Users\anton\OneDrive\Documentos\GitHub\Projeto-Adrian\actions-runner\.credentials_migrated
[2025-11-13 14:55:43Z INFO HostContext] Well known directory 'Bin': 'C:\Users\anton\OneDrive\Documentos\GitHub\Projeto-Adrian\actions-runner\bin'
[2025-11-13 14:55:43Z INFO HostContext] Well known directory 'Root': 'C:\Users\anton\OneDrive\Documentos\GitHub\Projeto-Adrian\actions-runner'
[2025-11-13 14:55:43Z INFO HostContext] Well known config file 'Service': 'C:\Users\anton\OneDrive\Documentos\GitHub\Projeto-Adrian\actions-runner\.service'
[2025-11-13 14:55:43Z INFO ConfigurationStore] ServiceConfigFilePath: C:\Users\anton\OneDrive\Documentos\GitHub\Projeto-Adrian\actions-runner\.service
[2025-11-13 14:55:43Z INFO CommandSettings] Flag 'help': 'False'
[2025-11-13 14:55:43Z INFO CommandSettings] Flag 'version': 'False'
[2025-11-13 14:55:43Z INFO CommandSettings] Flag 'commit': 'False'
[2025-11-13 14:55:43Z INFO CommandSettings] Flag 'check': 'False'
[2025-11-13 14:55:43Z INFO CommandSettings] Command 'configure': 'False'
[2025-11-13 14:55:43Z INFO CommandSettings] Command 'remove': 'False'
[2025-11-13 14:55:43Z INFO CommandSettings] Command 'warmup': 'False'
[2025-11-13 14:55:43Z INFO ConfigurationManager] LoadSettings
[2025-11-13 14:55:43Z INFO ConfigurationStore] IsConfigured()
[2025-11-13 14:55:43Z INFO ConfigurationStore] IsConfigured: True
[2025-11-13 14:55:43Z INFO ConfigurationManager] Is configured: True
[2025-11-13 14:55:43Z INFO ConfigurationStore] Read setting file: 396 chars
[2025-11-13 14:55:43Z INFO ConfigurationManager] Settings Loaded
[2025-11-13 14:55:43Z INFO ConfigurationStore] IsServiceConfigured()
[2025-11-13 14:55:43Z INFO ConfigurationStore] IsServiceConfigured: False
[2025-11-13 14:55:43Z INFO CommandSettings] Command 'run': 'True'
[2025-11-13 14:55:43Z INFO ConfigurationStore] IsConfigured()
[2025-11-13 14:55:43Z INFO ConfigurationStore] IsConfigured: True
[2025-11-13 14:55:43Z INFO ConfigurationManager] Is configured: True
[2025-11-13 14:55:43Z INFO Runner] Could not parse the argument value '' for StartupType. Defaulting to Manual
[2025-11-13 14:55:43Z INFO Runner] Set runner startup type - Manual
[2025-11-13 14:55:43Z INFO CommandSettings] Flag 'once': 'False'
[2025-11-13 14:55:43Z INFO CommandSettings] Flag 'once': 'False'
[2025-11-13 14:55:43Z INFO Runner] RunAsync
[2025-11-13 14:55:43Z INFO ConfigurationManager] LoadMigratedSettings
[2025-11-13 14:55:43Z INFO ConfigurationStore] IsMigratedConfigured()
[2025-11-13 14:55:43Z INFO ConfigurationStore] IsMigratedConfigured: False
[2025-11-13 14:55:43Z INFO Runner] Failed to load migrated settings: No migrated configuration found.
[2025-11-13 14:55:43Z INFO Runner] Falling back to original .runner settings
[2025-11-13 14:55:43Z INFO Runner] Using BrokerMessageListener
[2025-11-13 14:55:43Z INFO BrokerMessageListener] Using provided settings
[2025-11-13 14:55:43Z INFO BrokerMessageListener] {
  "AgentId": 21,
  "AgentName": "NITRO_V15",
  "PoolId": 1,
  "PoolName": "Default",
  "ServerUrl": "https://pipelinesghubeus4.actions.githubusercontent.com/BMeOTxf033MrFwyEFBiojZmjBfoA49lpJpqSzAgY1tq5QsMlsW/",
  "GitHubUrl": "https://github.com/Antonyvs/Projeto-Adrian",
  "WorkFolder": "_work",
  "UseV2Flow": true,
  "ServerUrlV2": "https://broker.actions.githubusercontent.com/"
}
[2025-11-13 14:55:43Z INFO BrokerMessageListener] Loading Credentials
[2025-11-13 14:55:43Z INFO ConfigurationStore] HasCredentials()
[2025-11-13 14:55:43Z INFO ConfigurationStore] stored True
[2025-11-13 14:55:43Z INFO CredentialManager] GetCredentialProvider
[2025-11-13 14:55:43Z INFO CredentialManager] Creating type OAuth
[2025-11-13 14:55:43Z INFO CredentialManager] Creating credential type: OAuth
[2025-11-13 14:55:43Z INFO HostContext] Well known directory 'Bin': 'C:\Users\anton\OneDrive\Documentos\GitHub\Projeto-Adrian\actions-runner\bin'
[2025-11-13 14:55:43Z INFO HostContext] Well known directory 'Root': 'C:\Users\anton\OneDrive\Documentos\GitHub\Projeto-Adrian\actions-runner'
[2025-11-13 14:55:43Z INFO HostContext] Well known config file 'RSACredentials': 'C:\Users\anton\OneDrive\Documentos\GitHub\Projeto-Adrian\actions-runner\.credentials_rsaparams'
[2025-11-13 14:55:43Z INFO RSAEncryptedFileKeyManager] Loading RSA key parameters from file C:\Users\anton\OneDrive\Documentos\GitHub\Projeto-Adrian\actions-runner\.credentials_rsaparams
[2025-11-13 14:55:43Z INFO BrokerMessageListener] Attempt to create session.
[2025-11-13 14:55:43Z INFO BrokerMessageListener] Connecting to the Broker Server...
[2025-11-13 14:55:43Z INFO ConfigurationStore] HasCredentials()
[2025-11-13 14:55:43Z INFO ConfigurationStore] stored True
[2025-11-13 14:55:43Z INFO CredentialManager] GetCredentialProvider
[2025-11-13 14:55:43Z INFO CredentialManager] Creating type OAuth
[2025-11-13 14:55:43Z INFO CredentialManager] Creating credential type: OAuth
[2025-11-13 14:55:43Z INFO RSAEncryptedFileKeyManager] Loading RSA key parameters from file C:\Users\anton\OneDrive\Documentos\GitHub\Projeto-Adrian\actions-runner\.credentials_rsaparams
[2025-11-13 14:55:43Z INFO BrokerMessageListener] VssConnection created
[2025-11-13 14:55:43Z INFO BrokerMessageListener] Connecting to the Runner server...
[2025-11-13 14:55:43Z INFO RunnerServer] EstablishVssConnection
[2025-11-13 14:55:43Z INFO RunnerServer] Establish connection with 100 seconds timeout.
[2025-11-13 14:55:43Z INFO GitHubActionsService] Starting operation Location.GetConnectionData
[2025-11-13 14:55:43Z INFO RunnerServer] EstablishVssConnection
[2025-11-13 14:55:43Z INFO RunnerServer] Establish connection with 60 seconds timeout.
[2025-11-13 14:55:43Z INFO GitHubActionsService] Starting operation Location.GetConnectionData
[2025-11-13 14:55:43Z INFO RunnerServer] EstablishVssConnection
[2025-11-13 14:55:43Z INFO RunnerServer] Establish connection with 60 seconds timeout.
[2025-11-13 14:55:43Z INFO GitHubActionsService] Starting operation Location.GetConnectionData
[2025-11-13 14:55:44Z INFO GitHubActionsService] Finished operation Location.GetConnectionData
[2025-11-13 14:55:44Z INFO GitHubActionsService] Finished operation Location.GetConnectionData
[2025-11-13 14:55:44Z INFO GitHubActionsService] Finished operation Location.GetConnectionData
[2025-11-13 14:55:44Z INFO BrokerMessageListener] VssConnection created
[2025-11-13 14:55:44Z INFO Terminal] WRITE LINE: 
[2025-11-13 14:55:44Z INFO Terminal] WRITE LINE: 
[2025-11-13 14:55:44Z INFO RSAEncryptedFileKeyManager] Loading RSA key parameters from file C:\Users\anton\OneDrive\Documentos\GitHub\Projeto-Adrian\actions-runner\.credentials_rsaparams
[2025-11-13 14:55:44Z INFO RSAEncryptedFileKeyManager] Loading RSA key parameters from file C:\Users\anton\OneDrive\Documentos\GitHub\Projeto-Adrian\actions-runner\.credentials_rsaparams
[2025-11-13 14:55:45Z INFO GitHubActionsService] AAD Correlation ID for this token request: Unknown
[2025-11-13 14:55:46Z INFO BrokerMessageListener] Session created.
[2025-11-13 14:55:46Z INFO Terminal] WRITE LINE: Current runner version: '2.329.0'
[2025-11-13 14:55:46Z INFO Terminal] WRITE LINE: 2025-11-13 14:55:46Z: Listening for Jobs
[2025-11-13 14:55:46Z INFO JobDispatcher] Set runner/worker IPC timeout to 30 seconds.
[2025-11-13 15:00:04Z WARN GitHubActionsService] Attempt 1 of GET request to https://broker.actions.githubusercontent.com/message?sessionId=995097d6-a90c-4b49-9b75-5688d4b1af0c&status=Online&runnerVersion=2.329.0&os=Windows&architecture=X64&disableUpdate=false failed (Socket Error: ConnectionReset). The operation will be retried in 10,885 seconds.
[2025-11-13 15:00:55Z ERR  GitHubActionsService] GET request to https://broker.actions.githubusercontent.com/message?sessionId=995097d6-a90c-4b49-9b75-5688d4b1af0c&status=Online&runnerVersion=2.329.0&os=Windows&architecture=X64&disableUpdate=false failed. System.Net.Http.HttpRequestException: Este host não é conhecido. (broker.actions.githubusercontent.com:443)
 ---> System.Net.Sockets.SocketException (11001): Este host não é conhecido.
   at System.Net.Sockets.Socket.AwaitableSocketAsyncEventArgs.ThrowException(SocketError error, CancellationToken cancellationToken)
   at System.Net.Sockets.Socket.AwaitableSocketAsyncEventArgs.System.Threading.Tasks.Sources.IValueTaskSource.GetResult(Int16 token)
   at System.Net.Sockets.Socket.<ConnectAsync>g__WaitForConnectWithCancellation|285_0(AwaitableSocketAsyncEventArgs saea, ValueTask connectTask, CancellationToken cancellationToken)
   at System.Net.Http.HttpConnectionPool.ConnectToTcpHostAsync(String host, Int32 port, HttpRequestMessage initialRequest, Boolean async, CancellationToken cancellationToken)
   --- End of inner exception stack trace ---
   at System.Net.Http.HttpConnectionPool.ConnectToTcpHostAsync(String host, Int32 port, HttpRequestMessage initialRequest, Boolean async, CancellationToken cancellationToken)
   at System.Net.Http.HttpConnectionPool.ConnectAsync(HttpRequestMessage request, Boolean async, CancellationToken cancellationToken)
   at System.Net.Http.HttpConnectionPool.CreateHttp11ConnectionAsync(HttpRequestMessage request, Boolean async, CancellationToken cancellationToken)
   at System.Net.Http.HttpConnectionPool.AddHttp11ConnectionAsync(QueueItem queueItem)
   at System.Threading.Tasks.TaskCompletionSourceWithCancellation`1.WaitWithCancellationAsync(CancellationToken cancellationToken)
   at System.Net.Http.HttpConnectionPool.SendWithVersionDetectionAndRetryAsync(HttpRequestMessage request, Boolean async, Boolean doRequestAuth, CancellationToken cancellationToken)
   at System.Net.Http.AuthenticationHelper.SendWithAuthAsync(HttpRequestMessage request, Uri authUri, Boolean async, ICredentials credentials, Boolean preAuthenticate, Boolean isProxyAuth, Boolean doRequestAuth, HttpConnectionPool pool, CancellationToken cancellationToken)
   at System.Net.Http.RedirectHandler.SendAsync(HttpRequestMessage request, Boolean async, CancellationToken cancellationToken)
   at GitHub.Services.Common.RawHttpMessageHandler.SendAsync(HttpRequestMessage request, CancellationToken cancellationToken)
   at GitHub.Services.Common.VssHttpRetryMessageHandler.SendAsync(HttpRequestMessage request, CancellationToken cancellationToken)
[2025-11-13 15:00:55Z ERR  BrokerServer] Catch exception during request
[2025-11-13 15:00:55Z ERR  BrokerServer] System.Net.Http.HttpRequestException: Este host não é conhecido. (broker.actions.githubusercontent.com:443)
 ---> System.Net.Sockets.SocketException (11001): Este host não é conhecido.
   at System.Net.Sockets.Socket.AwaitableSocketAsyncEventArgs.ThrowException(SocketError error, CancellationToken cancellationToken)
   at System.Net.Sockets.Socket.AwaitableSocketAsyncEventArgs.System.Threading.Tasks.Sources.IValueTaskSource.GetResult(Int16 token)
   at System.Net.Sockets.Socket.<ConnectAsync>g__WaitForConnectWithCancellation|285_0(AwaitableSocketAsyncEventArgs saea, ValueTask connectTask, CancellationToken cancellationToken)
   at System.Net.Http.HttpConnectionPool.ConnectToTcpHostAsync(String host, Int32 port, HttpRequestMessage initialRequest, Boolean async, CancellationToken cancellationToken)
   --- End of inner exception stack trace ---
   at GitHub.Services.Common.VssHttpRetryMessageHandler.SendAsync(HttpRequestMessage request, CancellationToken cancellationToken)
   at System.Net.Http.HttpClient.<SendAsync>g__Core|83_0(HttpRequestMessage request, HttpCompletionOption completionOption, CancellationTokenSource cts, Boolean disposeCts, CancellationTokenSource pendingRequestsCts, CancellationToken originalCancellationToken)
   at Sdk.WebApi.WebApi.RawHttpClientBase.SendAsync(HttpRequestMessage message, HttpCompletionOption completionOption, Object userState, CancellationToken cancellationToken)
   at Sdk.WebApi.WebApi.RawHttpClientBase.SendAsync[T](HttpRequestMessage message, Boolean readErrorBody, Object userState, CancellationToken cancellationToken)
   at Sdk.WebApi.WebApi.RawHttpClientBase.SendAsync[T](HttpMethod method, IEnumerable`1 additionalHeaders, Uri requestUri, HttpContent content, IEnumerable`1 queryParameters, Boolean readErrorBody, Object userState, CancellationToken cancellationToken)
   at GitHub.Actions.RunService.WebApi.BrokerHttpClient.GetRunnerMessageAsync(Nullable`1 sessionId, String runnerVersion, Nullable`1 status, String os, String architecture, Nullable`1 disableUpdate, CancellationToken cancellationToken)
   at GitHub.Runner.Common.BrokerServer.<>c__DisplayClass7_0.<<GetRunnerMessageAsync>b__0>d.MoveNext()
--- End of stack trace from previous location ---
   at GitHub.Runner.Common.RunnerService.RetryRequest[T](Func`1 func, CancellationToken cancellationToken, Int32 maxAttempts, Func`2 shouldRetry)
[2025-11-13 15:00:55Z ERR  BrokerServer] #####################################################
[2025-11-13 15:00:55Z ERR  BrokerServer] System.Net.Sockets.SocketException (11001): Este host não é conhecido.
   at System.Net.Sockets.Socket.AwaitableSocketAsyncEventArgs.ThrowException(SocketError error, CancellationToken cancellationToken)
   at System.Net.Sockets.Socket.AwaitableSocketAsyncEventArgs.System.Threading.Tasks.Sources.IValueTaskSource.GetResult(Int16 token)
   at System.Net.Sockets.Socket.<ConnectAsync>g__WaitForConnectWithCancellation|285_0(AwaitableSocketAsyncEventArgs saea, ValueTask connectTask, CancellationToken cancellationToken)
   at System.Net.Http.HttpConnectionPool.ConnectToTcpHostAsync(String host, Int32 port, HttpRequestMessage initialRequest, Boolean async, CancellationToken cancellationToken)
[2025-11-13 15:00:55Z WARN BrokerServer] Back off 10,538 seconds before next retry. 4 attempt left.
[2025-11-13 15:01:04Z INFO Terminal] WRITE LINE: Exiting...
[2025-11-13 15:01:04Z INFO ConfigurationStore] IsServiceConfigured()
[2025-11-13 15:01:04Z INFO ConfigurationStore] IsServiceConfigured: False
[2025-11-13 15:01:04Z INFO HostContext] Runner will be shutdown for UserCancelled
[2025-11-13 15:01:04Z INFO BrokerMessageListener] Get next message has been cancelled.
[2025-11-13 15:01:04Z INFO JobDispatcher] Shutting down JobDispatcher. Make sure all WorkerDispatcher has finished.
[2025-11-13 15:01:04Z INFO Runner] Deleting Runner Session...
[2025-11-13 15:01:04Z INFO Listener] Runner execution been cancelled.
